2026-01-28 13:35:24,593 - INFO - Starting to build pipeline...
2026-01-28 13:35:24,594 - ERROR - Failed to exceute pipeline read_csv() got an unexpected keyword argument 'error_bad_lines'. Did you mean 'on_bad_lines'?.
2026-01-28 13:37:48,674 - INFO - Starting to build pipeline...
2026-01-28 13:37:48,816 - INFO - Data loaded and processed...
2026-01-28 13:37:48,820 - INFO - Use pytorch device_name: cpu
2026-01-28 13:37:48,820 - INFO - Load pretrained SentenceTransformer: all-MiniLM-L6-v2
2026-01-28 13:37:55,488 - ERROR - Failed to exceute pipeline Could not import chromadb python package. Please install it with `pip install chromadb`..
2026-01-28 15:02:37,625 - INFO - Starting to build pipeline...
2026-01-28 15:02:37,683 - INFO - Data loaded and processed...
2026-01-28 15:02:37,684 - INFO - Use pytorch device_name: cpu
2026-01-28 15:02:37,684 - INFO - Load pretrained SentenceTransformer: all-MiniLM-L6-v2
2026-01-28 15:02:43,567 - ERROR - Failed to exceute pipeline Could not import chromadb python package. Please install it with `pip install chromadb`..
2026-01-28 15:27:02,685 - INFO - Starting to build pipeline...
2026-01-28 15:27:02,762 - INFO - Data loaded and processed...
2026-01-28 15:27:02,765 - INFO - Use pytorch device_name: cpu
2026-01-28 15:27:02,765 - INFO - Load pretrained SentenceTransformer: all-MiniLM-L6-v2
2026-01-28 15:27:10,197 - INFO - Anonymized telemetry enabled. See                     https://docs.trychroma.com/telemetry for more information.
2026-01-28 15:27:31,625 - INFO - Vector store built successfully...
2026-01-28 15:27:31,625 - INFO - Pipeline built successfully...
2026-01-28 16:03:18,061 - INFO - Starting to build pipeline...
2026-01-28 16:03:18,115 - INFO - Data loaded and processed...
2026-01-28 16:03:18,118 - INFO - Use pytorch device_name: cpu
2026-01-28 16:03:18,119 - INFO - Load pretrained SentenceTransformer: all-MiniLM-L6-v2
2026-01-28 16:03:23,916 - INFO - Anonymized telemetry enabled. See                     https://docs.trychroma.com/telemetry for more information.
2026-01-28 16:03:37,522 - INFO - Vector store built successfully...
2026-01-28 16:03:37,522 - INFO - Pipeline built successfully...
2026-01-28 16:13:05,954 - INFO - Starting to build pipeline...
2026-01-28 16:13:05,992 - INFO - Data loaded and processed...
2026-01-28 16:13:05,997 - INFO - Use pytorch device_name: cpu
2026-01-28 16:13:05,997 - INFO - Load pretrained SentenceTransformer: all-MiniLM-L6-v2
2026-01-28 16:13:12,094 - INFO - Anonymized telemetry enabled. See                     https://docs.trychroma.com/telemetry for more information.
2026-01-28 16:13:27,698 - INFO - Vector store built successfully...
2026-01-28 16:13:27,698 - INFO - Pipeline built successfully...
2026-01-28 20:26:26,619 - INFO - Starting to build pipeline...
2026-01-28 20:26:26,709 - INFO - Data  loaded and processed...
2026-01-28 20:26:26,712 - INFO - Use pytorch device_name: cpu
2026-01-28 20:26:26,712 - INFO - Load pretrained SentenceTransformer: all-MiniLM-L6-v2
2026-01-28 20:26:33,458 - ERROR - Failed to execute pipeline Could not import chromadb python package. Please install it with `pip install chromadb`.
2026-01-28 20:29:47,245 - INFO - Starting to build pipeline...
2026-01-28 20:29:47,265 - INFO - Data  loaded and processed...
2026-01-28 20:29:47,266 - INFO - Use pytorch device_name: cpu
2026-01-28 20:29:47,266 - INFO - Load pretrained SentenceTransformer: all-MiniLM-L6-v2
2026-01-28 20:29:53,379 - ERROR - Failed to execute pipeline Could not import chromadb python package. Please install it with `pip install chromadb`.
2026-01-28 21:46:04,815 - INFO - Starting to build pipeline...
2026-01-28 21:46:04,862 - INFO - Data  loaded and processed...
2026-01-28 21:46:04,865 - INFO - Use pytorch device_name: cpu
2026-01-28 21:46:04,865 - INFO - Load pretrained SentenceTransformer: all-MiniLM-L6-v2
2026-01-28 21:46:23,910 - ERROR - Failed to execute pipeline Could not import chromadb python package. Please install it with `pip install chromadb`.
2026-01-28 21:50:52,915 - INFO - Starting to build pipeline...
2026-01-28 21:50:52,930 - INFO - Data  loaded and processed...
2026-01-28 21:50:52,931 - INFO - Use pytorch device_name: cpu
2026-01-28 21:50:52,931 - INFO - Load pretrained SentenceTransformer: all-MiniLM-L6-v2
2026-01-28 21:50:57,789 - ERROR - Failed to execute pipeline Could not import chromadb python package. Please install it with `pip install chromadb`.
2026-01-28 21:59:24,529 - INFO - Starting to build pipeline...
2026-01-28 21:59:24,557 - INFO - Data  loaded and processed...
2026-01-28 21:59:24,558 - INFO - Use pytorch device_name: cpu
2026-01-28 21:59:24,558 - INFO - Load pretrained SentenceTransformer: all-MiniLM-L6-v2
2026-01-28 21:59:30,361 - ERROR - Failed to execute pipeline Could not import chromadb python package. Please install it with `pip install chromadb`.
2026-01-28 22:06:07,695 - INFO - Starting to build pipeline...
2026-01-28 22:06:07,711 - INFO - Data  loaded and processed...
2026-01-28 22:06:07,712 - INFO - Use pytorch device_name: cpu
2026-01-28 22:06:07,712 - INFO - Load pretrained SentenceTransformer: all-MiniLM-L6-v2
2026-01-28 22:06:12,536 - ERROR - Failed to execute pipeline Could not import chromadb python package. Please install it with `pip install chromadb`.
2026-01-28 22:08:48,026 - INFO - Starting to build pipeline...
2026-01-28 22:08:48,050 - INFO - Data  loaded and processed...
2026-01-28 22:08:48,053 - INFO - Use pytorch device_name: cpu
2026-01-28 22:08:48,053 - INFO - Load pretrained SentenceTransformer: all-MiniLM-L6-v2
2026-01-28 22:08:54,847 - ERROR - Failed to execute pipeline Could not import chromadb python package. Please install it with `pip install chromadb`.
2026-01-28 22:43:01,676 - INFO - Starting to build pipeline...
2026-01-28 22:43:01,751 - INFO - Data  loaded and processed...
2026-01-28 22:43:01,756 - INFO - Use pytorch device_name: cpu
2026-01-28 22:43:01,756 - INFO - Load pretrained SentenceTransformer: all-MiniLM-L6-v2
2026-01-28 22:43:08,036 - INFO - Anonymized telemetry enabled. See                     https://docs.trychroma.com/telemetry for more information.
2026-01-28 22:43:17,303 - INFO - Vector store Built sucesfully....
2026-01-28 22:43:17,303 - INFO - Pipelien built sucesfuly....
2026-01-28 23:24:35,077 - INFO - Intializing Recommdation Pipeline
2026-01-28 23:24:35,078 - ERROR - Failed to intialize pipeline Could not import sentence_transformers python package. Please install it with `pip install sentence-transformers`.
2026-01-28 23:32:09,104 - INFO - Intializing Recommdation Pipeline
2026-01-28 23:32:09,104 - INFO - Use pytorch device_name: cpu
2026-01-28 23:32:09,104 - INFO - Load pretrained SentenceTransformer: all-MiniLM-L6-v2
2026-01-28 23:32:14,988 - ERROR - Failed to intialize pipeline Could not import chromadb python package. Please install it with `pip install chromadb`.
2026-01-28 23:37:59,805 - INFO - Intializing Recommdation Pipeline
2026-01-28 23:37:59,806 - INFO - Use pytorch device_name: cpu
2026-01-28 23:37:59,807 - INFO - Load pretrained SentenceTransformer: all-MiniLM-L6-v2
2026-01-28 23:38:38,707 - INFO - Anonymized telemetry enabled. See                     https://docs.trychroma.com/telemetry for more information.
2026-01-28 23:38:40,893 - INFO - Pipleine intialized sucesfully...
